  Application.cpp
d:\renderingengine\renderingengine\renderingengine\src\mesh.h(392): warning C4244: +=: преобразование "double" в "float", возможна потеря данных
d:\renderingengine\renderingengine\renderingengine\src\mesh.h(407): warning C4244: инициализация: преобразование "double" в "float", возможна потеря данных
d:\renderingengine\renderingengine\renderingengine\src\mesh.h(422): warning C4244: инициализация: преобразование "double" в "float", возможна потеря данных
d:\renderingengine\renderingengine\renderingengine\src\mesh.h(437): warning C4244: инициализация: преобразование "double" в "float", возможна потеря данных
d:\renderingengine\renderingengine\renderingengine\src\mesh.h(453): warning C4244: инициализация: преобразование "double" в "float", возможна потеря данных
d:\renderingengine\renderingengine\renderingengine\src\mesh.h(468): warning C4244: инициализация: преобразование "double" в "float", возможна потеря данных
d:\renderingengine\renderingengine\renderingengine\src\mesh.h(483): warning C4244: инициализация: преобразование "double" в "float", возможна потеря данных
d:\renderingengine\renderingengine\renderingengine\src\boundarybase.h(147): warning C4244: =: преобразование "cd_prec" в "T", возможна потеря данных
          with
          [
              T=float
          ]
d:\renderingengine\renderingengine\renderingengine\src\boundarybase.h(150): warning C4244: =: преобразование "cd_prec" в "T", возможна потеря данных
          with
          [
              T=float
          ]
d:\renderingengine\renderingengine\renderingengine\src\boundarybase.h(153): warning C4244: =: преобразование "cd_prec" в "T", возможна потеря данных
          with
          [
              T=float
          ]
d:\renderingengine\renderingengine\renderingengine\src\sph\particle.h(162): warning C4305: =: усечение из "double" в "part_prec"
d:\renderingengine\renderingengine\renderingengine\src\sph\particle.h(165): warning C4305: =: усечение из "double" в "part_prec"
d:\renderingengine\renderingengine\renderingengine\src\sph\particlepair.h(43): warning C4244: =: преобразование "double" в "part_prec", возможна потеря данных
d:\renderingengine\renderingengine\renderingengine\src\sph\particlepair.h(44): warning C4244: =: преобразование "double" в "part_prec", возможна потеря данных
d:\renderingengine\renderingengine\renderingengine\src\sph\particlepair.h(50): warning C4244: =: преобразование "double" в "part_prec", возможна потеря данных
d:\renderingengine\renderingengine\renderingengine\src\sph\particlepair.h(51): warning C4244: =: преобразование "double" в "part_prec", возможна потеря данных
d:\renderingengine\renderingengine\renderingengine\src\sph\particlepair.h(57): warning C4244: =: преобразование "double" в "part_prec", возможна потеря данных
d:\renderingengine\renderingengine\renderingengine\src\sph\particlepair.h(64): warning C4244: =: преобразование "double" в "part_prec", возможна потеря данных
d:\renderingengine\renderingengine\renderingengine\src\sph\particlepair.h(71): warning C4244: =: преобразование "double" в "part_prec", возможна потеря данных
d:\renderingengine\renderingengine\renderingengine\src\sph\particlepair.h(72): warning C4244: =: преобразование "double" в "part_prec", возможна потеря данных
d:\renderingengine\renderingengine\renderingengine\src\sph\particlepair.h(85): warning C4244: =: преобразование "double" в "part_prec", возможна потеря данных
d:\renderingengine\renderingengine\renderingengine\src\sph\particlepair.h(86): warning C4244: =: преобразование "double" в "part_prec", возможна потеря данных
d:\renderingengine\renderingengine\renderingengine\src\sph\particlepair.h(93): warning C4244: =: преобразование "double" в "part_prec", возможна потеря данных
d:\renderingengine\renderingengine\renderingengine\src\sph\particlepair.h(94): warning C4244: =: преобразование "double" в "part_prec", возможна потеря данных
d:\renderingengine\renderingengine\renderingengine\src\sph\particlepair.h(95): warning C4244: =: преобразование "double" в "part_prec", возможна потеря данных
d:\renderingengine\renderingengine\renderingengine\src\sph\particlepair.h(101): warning C4244: =: преобразование "double" в "part_prec", возможна потеря данных
d:\renderingengine\renderingengine\renderingengine\src\sph\particlepair.h(102): warning C4244: =: преобразование "double" в "part_prec", возможна потеря данных
d:\renderingengine\renderingengine\renderingengine\src\sph\particlepair.h(103): warning C4244: =: преобразование "double" в "part_prec", возможна потеря данных
d:\renderingengine\renderingengine\renderingengine\src\sph\particlepair.h(109): warning C4244: =: преобразование "double" в "part_prec", возможна потеря данных
d:\renderingengine\renderingengine\renderingengine\src\sph\particlepair.h(110): warning C4244: =: преобразование "double" в "part_prec", возможна потеря данных
d:\renderingengine\renderingengine\renderingengine\src\sph\particlepair.h(111): warning C4244: =: преобразование "double" в "part_prec", возможна потеря данных
d:\renderingengine\renderingengine\renderingengine\src\sph\particlepair.h(117): warning C4244: =: преобразование "double" в "part_prec", возможна потеря данных
d:\renderingengine\renderingengine\renderingengine\src\sph\particlepair.h(118): warning C4244: =: преобразование "double" в "part_prec", возможна потеря данных
d:\renderingengine\renderingengine\renderingengine\src\sph\particlepair.h(119): warning C4244: =: преобразование "double" в "part_prec", возможна потеря данных
d:\renderingengine\renderingengine\renderingengine\src\sph\particlepair.h(135): warning C4244: инициализация: преобразование "double" в "part_prec", возможна потеря данных
d:\renderingengine\renderingengine\renderingengine\src\sph\particlepair.h(139): warning C4244: инициализация: преобразование "double" в "part_prec", возможна потеря данных
d:\renderingengine\renderingengine\renderingengine\src\sph\particlepair.h(143): warning C4244: инициализация: преобразование "double" в "part_prec", возможна потеря данных
d:\renderingengine\renderingengine\renderingengine\src\sph\particlepair.h(147): warning C4244: инициализация: преобразование "double" в "part_prec", возможна потеря данных
d:\renderingengine\renderingengine\renderingengine\src\sph\particlepair.h(167): warning C4244: =: преобразование "double" в "part_prec", возможна потеря данных
d:\renderingengine\renderingengine\renderingengine\src\sph\equationclasses.h(69): warning C4244: аргумент: преобразование "cd_prec" в "part_prec", возможна потеря данных
d:\renderingengine\renderingengine\renderingengine\src\sph\equationclasses.h(75): warning C4018: <: несоответствие типов со знаком и без знака
d:\renderingengine\renderingengine\renderingengine\src\sph\equationclasses.h(84): warning C4244: аргумент: преобразование "cd_prec" в "part_prec", возможна потеря данных
d:\renderingengine\renderingengine\renderingengine\src\sph\equationclasses.h(98): warning C4018: <: несоответствие типов со знаком и без знака
d:\renderingengine\renderingengine\renderingengine\src\sph\equationclasses.h(174): warning C4018: <: несоответствие типов со знаком и без знака
d:\renderingengine\renderingengine\renderingengine\src\sph\equationclasses.h(179): warning C4018: <: несоответствие типов со знаком и без знака
d:\renderingengine\renderingengine\renderingengine\src\sph\equationclasses.h(220): warning C4018: <: несоответствие типов со знаком и без знака
d:\renderingengine\renderingengine\renderingengine\src\sph\equationclasses.h(261): warning C4018: <: несоответствие типов со знаком и без знака
d:\renderingengine\renderingengine\renderingengine\src\sph\equationclasses.h(309): warning C4018: <: несоответствие типов со знаком и без знака
d:\renderingengine\renderingengine\renderingengine\src\sph\equationclasses.h(314): warning C4018: <: несоответствие типов со знаком и без знака
d:\renderingengine\renderingengine\renderingengine\src\sph\equationclasses.h(355): warning C4018: <: несоответствие типов со знаком и без знака
d:\renderingengine\renderingengine\renderingengine\src\sph\equationclasses.h(396): warning C4018: <: несоответствие типов со знаком и без знака
d:\renderingengine\renderingengine\renderingengine\src\sph\equationclasses.h(477): warning C4018: <: несоответствие типов со знаком и без знака
d:\renderingengine\renderingengine\renderingengine\src\sph\equationclasses.h(482): warning C4018: <: несоответствие типов со знаком и без знака
d:\renderingengine\renderingengine\renderingengine\src\sph\equationclasses.h(523): warning C4018: <: несоответствие типов со знаком и без знака
d:\renderingengine\renderingengine\renderingengine\src\sph\equationclasses.h(564): warning C4018: <: несоответствие типов со знаком и без знака
d:\renderingengine\renderingengine\renderingengine\src\sph\equationclasses.h(612): warning C4018: <: несоответствие типов со знаком и без знака
d:\renderingengine\renderingengine\renderingengine\src\sph\equationclasses.h(617): warning C4018: <: несоответствие типов со знаком и без знака
d:\renderingengine\renderingengine\renderingengine\src\sph\equationclasses.h(658): warning C4018: <: несоответствие типов со знаком и без знака
d:\renderingengine\renderingengine\renderingengine\src\sph\equationclasses.h(699): warning C4018: <: несоответствие типов со знаком и без знака
d:\renderingengine\renderingengine\renderingengine\src\application.cpp(571): warning C4244: аргумент: преобразование "double" в "T", возможна потеря данных
          with
          [
              T=float
          ]
d:\renderingengine\renderingengine\renderingengine\src\application.cpp(572): warning C4244: аргумент: преобразование "double" в "T", возможна потеря данных
          with
          [
              T=float
          ]
  Создание кода
  42 of 4202 functions ( 1.0%) were compiled, the rest were copied from previous compilation.
    0 functions were new in current compilation
    10 functions had inline decision re-evaluated but remain unchanged
  Создание кода завершено
  RenderingEngine.vcxproj -> D:\RenderingEngine\RenderingEngine\Release\RenderingEngine.exe
